  proc_sample.c
C:\Users\heimi\바탕 화면\hospital\proc_sample.c(284,16): warning C4267: '=': 'size_t'에서 'unsigned short'(으)로 변환하면서 데이터가 손실될 수 있습니다.
C:\Users\heimi\바탕 화면\hospital\proc_sample.c(286,15): warning C4267: '=': 'size_t'에서 'unsigned short'(으)로 변환하면서 데이터가 손실될 수 있습니다.
C:\Users\heimi\바탕 화면\hospital\proc_sample.c(375,5): warning C4013: 'gets'이(가) 정의되지 않았습니다. extern은 int형을 반환하는 것으로 간주합니다.
C:\Users\heimi\바탕 화면\hospital\proc_sample.c(403,18): warning C4013: 'simulate_sql_execution'이(가) 정의되지 않았습니다. extern은 int형을 반환하는 것으로 간주합니다.
C:\Users\heimi\바탕 화면\hospital\proc_sample.c(350,10): warning C4101: 'pt_tel' :참조되지 않은 지역 변수입니다.
C:\Users\heimi\바탕 화면\hospital\proc_sample.c(351,10): warning C4101: 'pt_gender' :참조되지 않은 지역 변수입니다.
C:\Users\heimi\바탕 화면\hospital\proc_sample.c(348,10): warning C4101: 'pt_name' :참조되지 않은 지역 변수입니다.
C:\Users\heimi\바탕 화면\hospital\proc_sample.c(353,10): warning C4101: 'pt_reservation_date' :참조되지 않은 지역 변수입니다.
C:\Users\heimi\바탕 화면\hospital\proc_sample.c(347,10): warning C4101: 'pt_no' :참조되지 않은 지역 변수입니다.
C:\Users\heimi\바탕 화면\hospital\proc_sample.c(349,10): warning C4101: 'pt_birth' :참조되지 않은 지역 변수입니다.
C:\Users\heimi\바탕 화면\hospital\proc_sample.c(352,10): warning C4101: 'pt_department' :참조되지 않은 지역 변수입니다.
C:\Users\heimi\바탕 화면\hospital\proc_sample.c(739,5): warning C4101: 'i' :참조되지 않은 지역 변수입니다.
C:\Users\heimi\바탕 화면\hospital\proc_sample.c(1235,12): warning C4312: '형식 캐스트': 'int'에서 더 큰 'char *'(으)로의 변환입니다.
C:\Users\heimi\바탕 화면\hospital\proc_sample.c(1235,10): warning C4047: '=': 'char'의 간접 참조 수준이 'char *'과(와) 다릅니다.
C:\Users\heimi\바탕 화면\hospital\proc_sample.c(1062,5): warning C4101: 'i' :참조되지 않은 지역 변수입니다.
  코드를 생성하고 있습니다.
  1 of 18 functions ( 5.6%) were compiled, the rest were copied from previous compilation.
    0 functions were new in current compilation
    0 functions had inline decision re-evaluated but remain unchanged
  코드를 생성했습니다.
  hospital.vcxproj -> C:\Users\heimi\바탕 화면\hospital\x64\Release\hospital.exe
